<?xml version="1.0" encoding="UTF-8"?>
<robot generator="Robot 3.2.2 (Python 3.8.6 on win32)" generated="20201016 17:04:33.351" rpa="false">
<suite id="s1" name="TestSuite" source="C:\Users\akhrawat\PycharmProjects\RobotFrameworkQA\Test\TestSuite.robot">
<test id="s1-t1" name="Validating API and UI for Reqrez application">
<kw name="Create API session">
<kw name="Create Session" library="RequestsLibrary">
<doc>Create Session: create a HTTP session to a server</doc>
<arguments>
<arg>APISession</arg>
<arg>${base_url}</arg>
</arguments>
<msg timestamp="20201016 17:04:35.580" level="INFO">Creating Session using : alias=APISession, url=https://reqres.in, headers={},                     cookies={}, auth=None, timeout=None, proxies=None, verify=False,                     debug=0 </msg>
<status status="PASS" starttime="20201016 17:04:35.579" endtime="20201016 17:04:35.581"></status>
</kw>
<status status="PASS" starttime="20201016 17:04:35.578" endtime="20201016 17:04:35.581"></status>
</kw>
<kw name="Check Site is up and GET request is successful">
<kw name="Get Request" library="RequestsLibrary">
<doc>Send a GET request on the session object found using the
given `alias`</doc>
<arguments>
<arg>APISession</arg>
<arg>${key}</arg>
</arguments>
<assign>
<var>${response}</var>
</assign>
<msg timestamp="20201016 17:04:36.537" level="INFO">GET Request : url=https://reqres.in/api/users 
 path_url=/api/users 
 headers={'User-Agent': 'python-requests/2.24.0', 'Accept-Encoding': 'gzip, deflate', 'Accept': '*/*', 'Connection': 'keep-alive'} 
 body=None 
 </msg>
<msg timestamp="20201016 17:04:36.537" level="INFO">GET Response : url=https://reqres.in/api/users 
 status=200, reason=OK 
 body={"page":1,"per_page":6,"total":12,"total_pages":2,"data":[{"id":1,"email":"george.bluth@reqres.in","first_name":"George","last_name":"Bluth","avatar":"https://s3.amazonaws.com/uifaces/faces/twitter/calebogden/128.jpg"},{"id":2,"email":"janet.weaver@reqres.in","first_name":"Janet","last_name":"Weaver","avatar":"https://s3.amazonaws.com/uifaces/faces/twitter/josephstein/128.jpg"},{"id":3,"email":"emma.wong@reqres.in","first_name":"Emma","last_name":"Wong","avatar":"https://s3.amazonaws.com/uifaces/faces/twitter/olegpogodaev/128.jpg"},{"id":4,"email":"eve.holt@reqres.in","first_name":"Eve","last_name":"Holt","avatar":"https://s3.amazonaws.com/uifaces/faces/twitter/marcoramires/128.jpg"},{"id":5,"email":"charles.morris@reqres.in","first_name":"Charles","last_name":"Morris","avatar":"https://s3.amazonaws.com/uifaces/faces/twitter/stephenmoon/128.jpg"},{"id":6,"email":"tracey.ramos@reqres.in","first_name":"Tracey","last_name":"Ramos","avatar":"https://s3.amazonaws.com/uifaces/faces/twitter/bigmancho/128.jpg"}],"ad":{"company":"StatusCode Weekly","url":"http://statuscode.org/","text":"A weekly newsletter focusing on software development, infrastructure, the server, performance, and the stack end of things."}} 
 </msg>
<msg timestamp="20201016 17:04:36.538" level="INFO">c:\users\akhrawat\appdata\local\programs\python\python38\lib\site-packages\urllib3\connectionpool.py:981: InsecureRequestWarning: Unverified HTTPS request is being made to host 'reqres.in'. Adding certificate verification is strongly advised. See: https://urllib3.readthedocs.io/en/latest/advanced-usage.html#ssl-warnings
  warnings.warn(</msg>
<msg timestamp="20201016 17:04:36.543" level="INFO">${response} = &lt;Response [200]&gt;</msg>
<status status="PASS" starttime="20201016 17:04:35.583" endtime="20201016 17:04:36.543"></status>
</kw>
<kw name="Should Be Equal As Strings" library="BuiltIn">
<doc>Fails if objects are unequal after converting them to strings.</doc>
<arguments>
<arg>${response.status_code}</arg>
<arg>200</arg>
</arguments>
<msg timestamp="20201016 17:04:36.546" level="INFO">Argument types are:
&lt;class 'int'&gt;
&lt;type 'unicode'&gt;</msg>
<status status="PASS" starttime="20201016 17:04:36.544" endtime="20201016 17:04:36.547"></status>
</kw>
<status status="PASS" starttime="20201016 17:04:35.582" endtime="20201016 17:04:36.547"></status>
</kw>
<kw name="Check POST request is successful">
<kw name="Load JSON From File" library="JSONLibrary">
<doc>Load JSON from file.</doc>
<arguments>
<arg>C:/Users/akhrawat/PycharmProjects/RobotFrameworkQA/Data/body.json</arg>
</arguments>
<assign>
<var>${bodyJSON}</var>
</assign>
<msg timestamp="20201016 17:04:36.559" level="INFO">${bodyJSON} = {'name': 'morpheus', 'job': 'leader'}</msg>
<status status="PASS" starttime="20201016 17:04:36.551" endtime="20201016 17:04:36.560"></status>
</kw>
<kw name="Create Dictionary" library="BuiltIn">
<doc>Creates and returns a dictionary based on the given ``items``.</doc>
<arguments>
<arg>Content-Type=application/json</arg>
</arguments>
<assign>
<var>${header}</var>
</assign>
<msg timestamp="20201016 17:04:36.562" level="INFO">${header} = {'Content-Type': 'application/json'}</msg>
<status status="PASS" starttime="20201016 17:04:36.560" endtime="20201016 17:04:36.562"></status>
</kw>
<kw name="Post Request" library="RequestsLibrary">
<doc>Send a POST request on the session object found using the
given `alias`</doc>
<arguments>
<arg>APISession</arg>
<arg>${key}</arg>
<arg>data=${bodyJSON}</arg>
<arg>headers=${header}</arg>
</arguments>
<assign>
<var>${responses}</var>
</assign>
<msg timestamp="20201016 17:04:36.803" level="INFO">POST Request : url=https://reqres.in/api/users 
 path_url=/api/users 
 headers={'User-Agent': 'python-requests/2.24.0', 'Accept-Encoding': 'gzip, deflate', 'Accept': '*/*', 'Connection': 'keep-alive', 'Content-Type': 'application/json', 'Cookie': '__cfduid=d8fa82f779775cefde3006ccb6b02dea81602848072', 'Content-Length': '37'} 
 body={"name": "morpheus", "job": "leader"} 
 </msg>
<msg timestamp="20201016 17:04:36.803" level="INFO">POST Response : url=https://reqres.in/api/users 
 status=201, reason=Created 
 body={"name":"morpheus","job":"leader","id":"413","createdAt":"2020-10-16T11:34:32.375Z"} 
 </msg>
<msg timestamp="20201016 17:04:36.803" level="INFO">c:\users\akhrawat\appdata\local\programs\python\python38\lib\site-packages\urllib3\connectionpool.py:981: InsecureRequestWarning: Unverified HTTPS request is being made to host 'reqres.in'. Adding certificate verification is strongly advised. See: https://urllib3.readthedocs.io/en/latest/advanced-usage.html#ssl-warnings
  warnings.warn(</msg>
<msg timestamp="20201016 17:04:36.804" level="INFO">${responses} = &lt;Response [201]&gt;</msg>
<status status="PASS" starttime="20201016 17:04:36.563" endtime="20201016 17:04:36.804"></status>
</kw>
<kw name="Should Be Equal As Strings" library="BuiltIn">
<doc>Fails if objects are unequal after converting them to strings.</doc>
<arguments>
<arg>${responses.status_code}</arg>
<arg>201</arg>
</arguments>
<msg timestamp="20201016 17:04:36.804" level="INFO">Argument types are:
&lt;class 'int'&gt;
&lt;type 'unicode'&gt;</msg>
<status status="PASS" starttime="20201016 17:04:36.804" endtime="20201016 17:04:36.806"></status>
</kw>
<status status="PASS" starttime="20201016 17:04:36.549" endtime="20201016 17:04:36.806"></status>
</kw>
<kw name="User launches Emulator and Opens application">
<kw name="Open Application" library="AppiumLibrary">
<doc>Opens a new application to given Appium server.
Capabilities of appium server, Android and iOS,
Please check https://github.com/appium/appium/blob/master/docs/en/writing-running-appium/server-args.md
| *Option*            | *Man.* | *Description*     |
| remote_url          | Yes    | Appium server url |
| alias               | no     | alias             |</doc>
<arguments>
<arg>http://localhost:4723/wd/hub</arg>
<arg>platformName=Android</arg>
<arg>deviceName=emulator-5554</arg>
<arg>appPackage=com.lubulwa.reqrez</arg>
<arg>appActivity=com.lubulwa.reqrez.ui.component.splash.SplashActivity</arg>
<arg>automationName=Uiautomator2</arg>
</arguments>
<status status="PASS" starttime="20201016 17:04:36.806" endtime="20201016 17:04:54.770"></status>
</kw>
<kw name="Wait Until Page Contains Element" library="AppiumLibrary">
<doc>Waits until element specified with `locator` appears on current page.</doc>
<arguments>
<arg>${pageRefresh}</arg>
<arg>timeout=10</arg>
</arguments>
<status status="PASS" starttime="20201016 17:04:54.770" endtime="20201016 17:04:57.369"></status>
</kw>
<status status="PASS" starttime="20201016 17:04:36.806" endtime="20201016 17:04:57.370"></status>
</kw>
<kw name="User creates a new Job Profile">
<kw name="Click Element" library="AppiumLibrary">
<doc>Click element identified by `locator`.</doc>
<arguments>
<arg>${addUserJobProfile}</arg>
</arguments>
<msg timestamp="20201016 17:04:57.375" level="INFO">Clicking element 'fab'.</msg>
<status status="PASS" starttime="20201016 17:04:57.371" endtime="20201016 17:04:57.706"></status>
</kw>
<kw name="Wait Until Page Contains Element" library="AppiumLibrary">
<doc>Waits until element specified with `locator` appears on current page.</doc>
<arguments>
<arg>${userName}</arg>
<arg>timeout=10</arg>
</arguments>
<status status="PASS" starttime="20201016 17:04:57.707" endtime="20201016 17:04:59.437"></status>
</kw>
<kw name="Input Text" library="AppiumLibrary">
<doc>Types the given `text` into text field identified by `locator`.</doc>
<arguments>
<arg>${userName}</arg>
<arg>Mike</arg>
</arguments>
<msg timestamp="20201016 17:04:59.441" level="INFO">Typing text 'Mike' into text field 'et_username_create'</msg>
<status status="PASS" starttime="20201016 17:04:59.438" endtime="20201016 17:05:00.180"></status>
</kw>
<kw name="Input Text" library="AppiumLibrary">
<doc>Types the given `text` into text field identified by `locator`.</doc>
<arguments>
<arg>${jobProfile}</arg>
<arg>Kroger</arg>
</arguments>
<msg timestamp="20201016 17:05:00.184" level="INFO">Typing text 'Kroger' into text field 'et_job_create'</msg>
<status status="PASS" starttime="20201016 17:05:00.180" endtime="20201016 17:05:01.294"></status>
</kw>
<kw name="Click Element" library="AppiumLibrary">
<doc>Click element identified by `locator`.</doc>
<arguments>
<arg>${createUserButton}</arg>
</arguments>
<msg timestamp="20201016 17:05:01.299" level="INFO">Clicking element 'btn_create_user'.</msg>
<status status="PASS" starttime="20201016 17:05:01.295" endtime="20201016 17:05:02.121"></status>
</kw>
<status status="PASS" starttime="20201016 17:04:57.370" endtime="20201016 17:05:02.122"></status>
</kw>
<kw name="Open a new APK">
<kw name="Open Application" library="AppiumLibrary">
<doc>Opens a new application to given Appium server.
Capabilities of appium server, Android and iOS,
Please check https://github.com/appium/appium/blob/master/docs/en/writing-running-appium/server-args.md
| *Option*            | *Man.* | *Description*     |
| remote_url          | Yes    | Appium server url |
| alias               | no     | alias             |</doc>
<arguments>
<arg>http://localhost:4723/wd/hub</arg>
<arg>platformName=Android</arg>
<arg>deviceName=emulator-5554</arg>
<arg>appPackage=com.example.androidapp</arg>
<arg>appActivity=ui.login.LoginActivity</arg>
<arg>automationName=Uiautomator2</arg>
</arguments>
<status status="PASS" starttime="20201016 17:05:02.124" endtime="20201016 17:05:23.588"></status>
</kw>
<status status="PASS" starttime="20201016 17:05:02.123" endtime="20201016 17:05:23.589"></status>
</kw>
<doc>Maintaining employee profile based on their job</doc>
<tags>
<tag>Smoke</tag>
</tags>
<status status="PASS" starttime="20201016 17:04:35.576" endtime="20201016 17:05:23.590" critical="yes"></status>
</test>
<doc>Its a POC suite for Robot framework where we are implementing services and UI testcases</doc>
<status status="PASS" starttime="20201016 17:04:33.371" endtime="20201016 17:05:23.593"></status>
</suite>
<statistics>
<total>
<stat pass="1" fail="0">Critical Tests</stat>
<stat pass="1" fail="0">All Tests</stat>
</total>
<tag>
<stat pass="1" fail="0">Smoke</stat>
</tag>
<suite>
<stat pass="1" fail="0" id="s1" name="TestSuite">TestSuite</stat>
</suite>
</statistics>
<errors>
</errors>
</robot>
