<?xml version="1.0" encoding="UTF-8"?>
<robot generator="Robot 3.2.2 (Python 3.8.6 on win32)" generated="20201009 17:47:43.998" rpa="false">
<suite id="s1" name="TestSuite" source="C:\Users\akhrawat\PycharmProjects\RobotFrameworkPOC\Test\TestSuite.robot">
<test id="s1-t1" name="Open_Application">
<kw name="Open Application" library="AppiumLibrary">
<doc>Opens a new application to given Appium server.
Capabilities of appium server, Android and iOS,
Please check https://github.com/appium/appium/blob/master/docs/en/writing-running-appium/server-args.md
| *Option*            | *Man.* | *Description*     |
| remote_url          | Yes    | Appium server url |
| alias               | no     | alias             |</doc>
<arguments>
<arg>http://localhost:4723/wd/hub</arg>
<arg>platformName=Android</arg>
<arg>deviceName=emulator-5554</arg>
<arg>appPackage=chat21.android.demo</arg>
<arg>appActivity=chat21.android.demo.SplashActivity</arg>
<arg>automationName=Uiautomator2</arg>
</arguments>
<status status="PASS" starttime="20201009 17:47:45.059" endtime="20201009 17:48:10.862"></status>
</kw>
<status status="PASS" starttime="20201009 17:47:45.059" endtime="20201009 17:48:10.863" critical="yes"></status>
</test>
<status status="PASS" starttime="20201009 17:47:44.011" endtime="20201009 17:48:10.864"></status>
</suite>
<statistics>
<total>
<stat pass="1" fail="0">Critical Tests</stat>
<stat pass="1" fail="0">All Tests</stat>
</total>
<tag>
</tag>
<suite>
<stat pass="1" fail="0" id="s1" name="TestSuite">TestSuite</stat>
</suite>
</statistics>
<errors>
</errors>
</robot>
